{"/Users/Per/Dropbox/Documents/Projects/evil-corp-kata/lib/evil-corp-kata.js":{"path":"/Users/Per/Dropbox/Documents/Projects/evil-corp-kata/lib/evil-corp-kata.js","s":{"1":1,"2":1,"3":0,"4":1,"5":0,"6":0,"7":1,"8":0,"9":1,"10":0,"11":0,"12":1,"13":0,"14":0,"15":1,"16":0,"17":0,"18":1,"19":0,"20":1,"21":0,"22":0,"23":0,"24":1,"25":0,"26":0,"27":0,"28":0,"29":0,"30":1,"31":0,"32":0,"33":0,"34":0,"35":1,"36":0,"37":1,"38":0,"39":0,"40":0,"41":0,"42":0,"43":0,"44":0,"45":0,"46":0,"47":0,"48":0,"49":0,"50":0,"51":0,"52":0},"b":{"1":[0,0],"2":[0,0],"3":[0,0],"4":[0,0],"5":[0,0],"6":[0,0],"7":[0,0]},"f":{"1":0,"2":0,"3":0,"4":0,"5":0,"6":0,"7":0,"8":0,"9":0,"10":0,"11":0,"12":0,"13":0,"14":0},"fnMap":{"1":{"name":"(anonymous_1)","line":11,"loc":{"start":{"line":11,"column":17},"end":{"line":11,"column":32}}},"2":{"name":"(anonymous_2)","line":15,"loc":{"start":{"line":15,"column":14},"end":{"line":15,"column":55}}},"3":{"name":"(anonymous_3)","line":20,"loc":{"start":{"line":20,"column":20},"end":{"line":20,"column":61}}},"4":{"name":"(anonymous_4)","line":24,"loc":{"start":{"line":24,"column":23},"end":{"line":24,"column":50}}},"5":{"name":"(anonymous_5)","line":29,"loc":{"start":{"line":29,"column":15},"end":{"line":29,"column":43}}},"6":{"name":"(anonymous_6)","line":34,"loc":{"start":{"line":34,"column":14},"end":{"line":34,"column":42}}},"7":{"name":"(anonymous_7)","line":39,"loc":{"start":{"line":39,"column":14},"end":{"line":39,"column":27}}},"8":{"name":"(anonymous_8)","line":43,"loc":{"start":{"line":43,"column":16},"end":{"line":43,"column":44}}},"9":{"name":"(anonymous_9)","line":50,"loc":{"start":{"line":50,"column":29},"end":{"line":50,"column":64}}},"10":{"name":"(anonymous_10)","line":61,"loc":{"start":{"line":61,"column":27},"end":{"line":61,"column":61}}},"11":{"name":"(anonymous_11)","line":70,"loc":{"start":{"line":70,"column":10},"end":{"line":70,"column":28}}},"12":{"name":"(anonymous_12)","line":74,"loc":{"start":{"line":74,"column":23},"end":{"line":74,"column":38}}},"13":{"name":"(anonymous_13)","line":89,"loc":{"start":{"line":89,"column":16},"end":{"line":89,"column":44}}},"14":{"name":"(anonymous_14)","line":90,"loc":{"start":{"line":90,"column":22},"end":{"line":90,"column":46}}}},"statementMap":{"1":{"start":{"line":9,"column":0},"end":{"line":9,"column":13}},"2":{"start":{"line":11,"column":0},"end":{"line":13,"column":2}},"3":{"start":{"line":12,"column":2},"end":{"line":12,"column":42}},"4":{"start":{"line":15,"column":0},"end":{"line":18,"column":2}},"5":{"start":{"line":16,"column":2},"end":{"line":16,"column":41}},"6":{"start":{"line":17,"column":2},"end":{"line":17,"column":44}},"7":{"start":{"line":20,"column":0},"end":{"line":22,"column":2}},"8":{"start":{"line":21,"column":2},"end":{"line":21,"column":61}},"9":{"start":{"line":24,"column":0},"end":{"line":27,"column":2}},"10":{"start":{"line":25,"column":2},"end":{"line":25,"column":25}},"11":{"start":{"line":26,"column":2},"end":{"line":26,"column":93}},"12":{"start":{"line":29,"column":0},"end":{"line":32,"column":2}},"13":{"start":{"line":30,"column":2},"end":{"line":30,"column":42}},"14":{"start":{"line":31,"column":2},"end":{"line":31,"column":28}},"15":{"start":{"line":34,"column":0},"end":{"line":37,"column":2}},"16":{"start":{"line":35,"column":2},"end":{"line":35,"column":41}},"17":{"start":{"line":36,"column":2},"end":{"line":36,"column":28}},"18":{"start":{"line":39,"column":0},"end":{"line":41,"column":2}},"19":{"start":{"line":40,"column":2},"end":{"line":40,"column":33}},"20":{"start":{"line":43,"column":0},"end":{"line":48,"column":2}},"21":{"start":{"line":44,"column":2},"end":{"line":46,"column":3}},"22":{"start":{"line":45,"column":4},"end":{"line":45,"column":68}},"23":{"start":{"line":47,"column":2},"end":{"line":47,"column":19}},"24":{"start":{"line":50,"column":0},"end":{"line":59,"column":2}},"25":{"start":{"line":51,"column":2},"end":{"line":58,"column":3}},"26":{"start":{"line":52,"column":4},"end":{"line":57,"column":5}},"27":{"start":{"line":53,"column":6},"end":{"line":53,"column":55}},"28":{"start":{"line":54,"column":6},"end":{"line":54,"column":66}},"29":{"start":{"line":56,"column":6},"end":{"line":56,"column":68}},"30":{"start":{"line":61,"column":0},"end":{"line":68,"column":2}},"31":{"start":{"line":62,"column":2},"end":{"line":67,"column":3}},"32":{"start":{"line":63,"column":4},"end":{"line":66,"column":5}},"33":{"start":{"line":64,"column":6},"end":{"line":64,"column":69}},"34":{"start":{"line":65,"column":6},"end":{"line":65,"column":55}},"35":{"start":{"line":70,"column":0},"end":{"line":72,"column":2}},"36":{"start":{"line":71,"column":2},"end":{"line":71,"column":23}},"37":{"start":{"line":74,"column":0},"end":{"line":103,"column":2}},"38":{"start":{"line":75,"column":2},"end":{"line":77,"column":3}},"39":{"start":{"line":76,"column":4},"end":{"line":76,"column":14}},"40":{"start":{"line":79,"column":2},"end":{"line":79,"column":93}},"41":{"start":{"line":80,"column":2},"end":{"line":85,"column":4}},"42":{"start":{"line":86,"column":2},"end":{"line":86,"column":30}},"43":{"start":{"line":87,"column":2},"end":{"line":87,"column":26}},"44":{"start":{"line":89,"column":2},"end":{"line":100,"column":5}},"45":{"start":{"line":90,"column":4},"end":{"line":95,"column":7}},"46":{"start":{"line":91,"column":6},"end":{"line":91,"column":74}},"47":{"start":{"line":92,"column":6},"end":{"line":94,"column":7}},"48":{"start":{"line":93,"column":8},"end":{"line":93,"column":36}},"49":{"start":{"line":96,"column":4},"end":{"line":96,"column":69}},"50":{"start":{"line":97,"column":4},"end":{"line":99,"column":5}},"51":{"start":{"line":98,"column":6},"end":{"line":98,"column":34}},"52":{"start":{"line":102,"column":2},"end":{"line":102,"column":25}}},"branchMap":{"1":{"line":44,"type":"if","locations":[{"start":{"line":44,"column":2},"end":{"line":44,"column":2}},{"start":{"line":44,"column":2},"end":{"line":44,"column":2}}]},"2":{"line":51,"type":"if","locations":[{"start":{"line":51,"column":2},"end":{"line":51,"column":2}},{"start":{"line":51,"column":2},"end":{"line":51,"column":2}}]},"3":{"line":52,"type":"if","locations":[{"start":{"line":52,"column":4},"end":{"line":52,"column":4}},{"start":{"line":52,"column":4},"end":{"line":52,"column":4}}]},"4":{"line":63,"type":"if","locations":[{"start":{"line":63,"column":4},"end":{"line":63,"column":4}},{"start":{"line":63,"column":4},"end":{"line":63,"column":4}}]},"5":{"line":75,"type":"if","locations":[{"start":{"line":75,"column":2},"end":{"line":75,"column":2}},{"start":{"line":75,"column":2},"end":{"line":75,"column":2}}]},"6":{"line":92,"type":"if","locations":[{"start":{"line":92,"column":6},"end":{"line":92,"column":6}},{"start":{"line":92,"column":6},"end":{"line":92,"column":6}}]},"7":{"line":97,"type":"if","locations":[{"start":{"line":97,"column":4},"end":{"line":97,"column":4}},{"start":{"line":97,"column":4},"end":{"line":97,"column":4}}]}}}}